<?xml version="1.0" encoding="UTF-8"?>
<testsuite name="com.kodilla.patterns.prototype.library.LibraryTestSuite" tests="1" skipped="0" failures="0" errors="0" timestamp="2019-04-24T17:13:05" hostname="DESKTOP-247TMIN" time="0.005">
  <properties/>
  <testcase name="testGetBooks" classname="com.kodilla.patterns.prototype.library.LibraryTestSuite" time="0.005"/>
  <system-out><![CDATA[Library{name='BookStore1', books=[Book{title='title5', author='author5', publicationDate=2013-05-05}, Book{title='title4', author='author4', publicationDate=2013-04-04}, Book{title='title3', author='author3', publicationDate=2013-03-03}, Book{title='title2', author='author2', publicationDate=2013-02-02}]}
Library{name='BookStore2', books=[Book{title='title5', author='author5', publicationDate=2013-05-05}, Book{title='title4', author='author4', publicationDate=2013-04-04}, Book{title='title3', author='author3', publicationDate=2013-03-03}, Book{title='title2', author='author2', publicationDate=2013-02-02}]}
Library{name='BookStore3', books=[Book{title='title5', author='author5', publicationDate=2013-05-05}, Book{title='title3', author='author3', publicationDate=2013-03-03}, Book{title='title4', author='author4', publicationDate=2013-04-04}, Book{title='title2', author='author2', publicationDate=2013-02-02}, Book{title='title1', author='author1', publicationDate=2013-01-01}]}
]]></system-out>
  <system-err><![CDATA[]]></system-err>
</testsuite>
